\BOOKMARK [1][-]{section*.1}{\376\377\000A\000b\000s\000t\000r\000a\000c\000t}{}% 1
\BOOKMARK [1][-]{section.1}{\376\377\0001\000\040\000I\000n\000t\000r\000o\000d\000u\000c\000t\000i\000o\000n}{}% 2
\BOOKMARK [2][-]{subsection.1.1}{\376\377\0001\000.\0001\000\040\000E\000x\000i\000s\000t\000i\000n\000g\000\040\000A\000p\000p\000r\000o\000a\000c\000h\000e\000s\000\040\000t\000o\000\040\000G\000e\000n\000e\000r\000i\000c\000\040\000P\000r\000o\000g\000r\000a\000m\000m\000i\000n\000g}{section.1}% 3
\BOOKMARK [2][-]{subsection.1.2}{\376\377\0001\000.\0002\000\040\000L\000i\000m\000i\000t\000a\000t\000i\000o\000n\000s\000\040\000o\000f\000\040\000E\000x\000i\000s\000t\000i\000n\000g\000\040\000M\000e\000c\000h\000a\000n\000i\000s\000m\000s}{section.1}% 4
\BOOKMARK [2][-]{subsection.1.3}{\376\377\0001\000.\0003\000\040\000C\000o\000n\000t\000r\000i\000b\000u\000t\000i\000o\000n\000s}{section.1}% 5
\BOOKMARK [1][-]{section.2}{\376\377\0002\000\040\000O\000v\000e\000r\000v\000i\000e\000w\000\040\000o\000f\000\040\000t\000h\000e\000\040\000I\000m\000p\000l\000i\000c\000i\000t\000\040\000C\000a\000l\000c\000u\000l\000u\000s\000\040\000?}{}% 6
\BOOKMARK [1][-]{section.3}{\376\377\0003\000\040\000T\000h\000e\000\040\000?\000\040\000C\000a\000l\000c\000u\000l\000u\000s}{}% 7
\BOOKMARK [2][-]{subsection.3.1}{\376\377\0003\000.\0001\000\040\000S\000y\000n\000t\000a\000x}{section.3}% 8
\BOOKMARK [2][-]{subsection.3.2}{\376\377\0003\000.\0002\000\040\000T\000y\000p\000e\000\040\000S\000y\000s\000t\000e\000m}{section.3}% 9
\BOOKMARK [2][-]{subsection.3.3}{\376\377\0003\000.\0003\000\040\000R\000e\000s\000o\000l\000u\000t\000i\000o\000n}{section.3}% 10
\BOOKMARK [2][-]{subsection.3.4}{\376\377\0003\000.\0004\000\040\000D\000e\000t\000e\000r\000m\000i\000n\000i\000s\000t\000i\000c\000\040\000R\000e\000s\000o\000l\000u\000t\000i\000o\000n}{section.3}% 11
\BOOKMARK [2][-]{subsection.3.5}{\376\377\0003\000.\0005\000\040\000C\000o\000h\000e\000r\000e\000n\000c\000e\000\040\000E\000n\000f\000o\000r\000c\000e\000m\000e\000n\000t}{section.3}% 12
\BOOKMARK [2][-]{subsection.3.6}{\376\377\0003\000.\0006\000\040\000P\000o\000w\000e\000r\000\040\000o\000f\000\040\000R\000e\000s\000o\000l\000u\000t\000i\000o\000n}{section.3}% 13
\BOOKMARK [2][-]{subsection.3.7}{\376\377\0003\000.\0007\000\040\000A\000l\000g\000o\000r\000i\000t\000h\000m}{section.3}% 14
\BOOKMARK [2][-]{subsection.3.8}{\376\377\0003\000.\0008\000\040\000T\000e\000r\000m\000i\000n\000a\000t\000i\000o\000n\000\040\000o\000f\000\040\000R\000e\000s\000o\000l\000u\000t\000i\000o\000n}{section.3}% 15
\BOOKMARK [1][-]{section.4}{\376\377\0004\000\040\000T\000y\000p\000e\000-\000D\000i\000r\000e\000c\000t\000e\000d\000\040\000T\000r\000a\000n\000s\000l\000a\000t\000i\000o\000n\000\040\000t\000o\000\040\000S\000y\000s\000t\000e\000m\000\040\000F}{}% 16
\BOOKMARK [2][-]{subsection.4.1}{\376\377\0004\000.\0001\000\040\000T\000y\000p\000e\000-\000D\000i\000r\000e\000c\000t\000e\000d\000\040\000T\000r\000a\000n\000s\000l\000a\000t\000i\000o\000n}{section.4}% 17
\BOOKMARK [2][-]{subsection.4.2}{\376\377\0004\000.\0002\000\040\000E\000v\000i\000d\000e\000n\000c\000e\000\040\000G\000e\000n\000e\000r\000a\000t\000i\000o\000n\000\040\000i\000n\000\040\000t\000h\000e\000\040\000A\000l\000g\000o\000r\000i\000t\000h\000m}{section.4}% 18
\BOOKMARK [2][-]{subsection.4.3}{\376\377\0004\000.\0003\000\040\000D\000y\000n\000a\000m\000i\000c\000\040\000S\000e\000m\000a\000n\000t\000i\000c\000s}{section.4}% 19
\BOOKMARK [1][-]{section.5}{\376\377\0005\000\040\000R\000e\000l\000a\000t\000e\000d\000\040\000W\000o\000r\000k}{}% 20
\BOOKMARK [2][-]{subsection.5.1}{\376\377\0005\000.\0001\000\040\000T\000y\000p\000e\000\040\000C\000l\000a\000s\000s\000e\000s}{section.5}% 21
\BOOKMARK [2][-]{subsection.5.2}{\376\377\0005\000.\0002\000\040\000L\000o\000c\000a\000l\000\040\000S\000c\000o\000p\000i\000n\000g}{section.5}% 22
\BOOKMARK [2][-]{subsection.5.3}{\376\377\0005\000.\0003\000\040\000S\000c\000a\000l\000a\000\040\000I\000m\000p\000l\000i\000c\000i\000t\000s}{section.5}% 23
\BOOKMARK [2][-]{subsection.5.4}{\376\377\0005\000.\0004\000\040\000T\000y\000p\000e\000\040\000C\000l\000a\000s\000s\000e\000s\000,\000\040\000T\000h\000e\000o\000r\000e\000m\000\040\000P\000r\000o\000v\000i\000n\000g\000\040\000a\000n\000d\000\040\000D\000e\000p\000e\000n\000d\000e\000n\000t\000\040\000T\000y\000p\000e\000s}{section.5}% 24
\BOOKMARK [2][-]{subsection.5.5}{\376\377\0005\000.\0005\000\040\000O\000t\000h\000e\000r\000\040\000R\000e\000l\000a\000t\000e\000d\000\040\000W\000o\000r\000k}{section.5}% 25
\BOOKMARK [1][-]{section.6}{\376\377\0006\000\040\000C\000o\000n\000c\000l\000u\000s\000i\000o\000n}{}% 26
\BOOKMARK [1][-]{section*.39}{\376\377\000R\000e\000f\000e\000r\000e\000n\000c\000e\000s}{}% 27
\BOOKMARK [1][-]{appendix.B}{\376\377\000B\000\040\000P\000r\000o\000o\000f\000s}{}% 28
\BOOKMARK [2][-]{subsection.B.1}{\376\377\000B\000.\0001\000\040\000T\000y\000p\000e\000\040\000P\000r\000e\000s\000e\000r\000v\000a\000t\000i\000o\000n}{appendix.B}% 29
\BOOKMARK [2][-]{subsection.B.2}{\376\377\000B\000.\0002\000\040\000A\000u\000x\000i\000l\000i\000a\000r\000y\000\040\000L\000e\000m\000m\000a\000s\000\040\000A\000b\000o\000u\000t\000\040\000N\000o\000n\000-\000D\000e\000t\000e\000r\000m\000i\000s\000t\000i\000c\000\040\000R\000e\000s\000o\000l\000u\000t\000i\000o\000n}{appendix.B}% 30
\BOOKMARK [2][-]{subsection.B.3}{\376\377\000B\000.\0003\000\040\000S\000o\000u\000n\000d\000n\000e\000s\000s\000\040\000o\000f\000\040\000D\000e\000t\000e\000r\000m\000i\000n\000i\000s\000t\000i\000c\000\040\000R\000e\000s\000o\000l\000u\000t\000i\000o\000n}{appendix.B}% 31
\BOOKMARK [2][-]{subsection.B.4}{\376\377\000B\000.\0004\000\040\000D\000e\000t\000e\000r\000m\000i\000n\000i\000s\000t\000i\000c\000\040\000R\000e\000s\000o\000l\000u\000t\000i\000o\000n\000\040\000i\000s\000\040\000D\000e\000t\000e\000r\000m\000i\000n\000i\000s\000t\000i\000c}{appendix.B}% 32
\BOOKMARK [2][-]{subsection.B.5}{\376\377\000B\000.\0005\000\040\000R\000e\000s\000o\000l\000u\000t\000i\000o\000n\000\040\000C\000o\000h\000e\000r\000e\000n\000c\000e}{appendix.B}% 33
\BOOKMARK [2][-]{subsection.B.6}{\376\377\000B\000.\0006\000\040\000S\000o\000u\000n\000d\000n\000e\000s\000s\000\040\000o\000f\000\040\000t\000h\000e\000\040\000A\000l\000g\000o\000r\000i\000t\000h\000m\000\040\000w\000r\000t\000\040\000D\000e\000t\000e\000r\000m\000i\000n\000i\000s\000t\000i\000c\000\040\000R\000e\000s\000o\000l\000u\000t\000i\000o\000n}{appendix.B}% 34
\BOOKMARK [2][-]{subsection.B.7}{\376\377\000B\000.\0007\000\040\000C\000o\000m\000p\000l\000e\000t\000e\000n\000e\000s\000s\000\040\000o\000f\000\040\000t\000h\000e\000\040\000A\000l\000g\000o\000r\000i\000t\000h\000m\000\040\000w\000r\000t\000\040\000D\000e\000t\000e\000r\000m\000i\000n\000i\000s\000t\000i\000c\000\040\000R\000e\000s\000o\000l\000u\000t\000i\000o\000n}{appendix.B}% 35
